2025-02-08 18:24:49,203 - INFO - Starting automated workflow
2025-02-08 18:24:49,203 - INFO - Generating configurations from 2025-02-08 to 2025-05-09
2025-02-08 18:24:49,203 - INFO - Saved 26 configurations to flight_configs_20250208_182449.json
2025-02-08 18:24:49,203 - INFO - Starting batch processing of flight_configs_20250208_182449.json
2025-02-08 18:24:49,229 - ERROR - Error during batch processing: 'str' object has no attribute 'date'
2025-02-08 18:24:49,229 - ERROR - Workflow failed: 'str' object has no attribute 'date'
2025-02-08 18:25:58,196 - INFO - Starting automated workflow
2025-02-08 18:25:58,196 - INFO - Generating configurations from 2025-02-08 to 2025-05-09
2025-02-08 18:25:58,197 - INFO - Saved 26 configurations to flight_configs_20250208_182558.json
2025-02-08 18:25:58,197 - INFO - Starting batch processing of flight_configs_20250208_182558.json
2025-02-08 18:26:02,291 - INFO - response: https://try.playwright.tech/service/control/run 200 113136
2025-02-08 18:26:09,382 - INFO - response: https://try.playwright.tech/service/control/run 200 115316
2025-02-08 18:26:16,569 - INFO - response: https://try.playwright.tech/service/control/run 200 113159
2025-02-08 18:26:23,467 - INFO - response: https://try.playwright.tech/service/control/run 200 113076
2025-02-08 18:26:30,633 - INFO - response: https://try.playwright.tech/service/control/run 200 113095
2025-02-08 18:26:37,853 - INFO - response: https://try.playwright.tech/service/control/run 200 115284
2025-02-08 18:26:45,147 - INFO - response: https://try.playwright.tech/service/control/run 200 115244
2025-02-08 18:26:52,321 - INFO - response: https://try.playwright.tech/service/control/run 200 115264
2025-02-08 18:26:59,494 - INFO - response: https://try.playwright.tech/service/control/run 200 113075
2025-02-08 18:27:06,606 - INFO - response: https://try.playwright.tech/service/control/run 200 115280
2025-02-08 18:27:14,012 - INFO - response: https://try.playwright.tech/service/control/run 200 115284
2025-02-08 18:27:21,187 - INFO - response: https://try.playwright.tech/service/control/run 200 115214
2025-02-08 18:27:28,375 - INFO - response: https://try.playwright.tech/service/control/run 200 115199
2025-02-08 18:27:35,581 - INFO - response: https://try.playwright.tech/service/control/run 200 113116
2025-02-08 18:27:42,828 - INFO - response: https://try.playwright.tech/service/control/run 200 113145
2025-02-08 18:27:50,105 - INFO - response: https://try.playwright.tech/service/control/run 200 113139
2025-02-08 18:27:57,402 - INFO - response: https://try.playwright.tech/service/control/run 200 113072
2025-02-08 18:28:04,840 - INFO - response: https://try.playwright.tech/service/control/run 200 113118
2025-02-08 18:28:11,965 - INFO - response: https://try.playwright.tech/service/control/run 200 113123
2025-02-08 18:28:19,054 - INFO - response: https://try.playwright.tech/service/control/run 200 115237
2025-02-08 18:28:26,146 - INFO - response: https://try.playwright.tech/service/control/run 200 113080
2025-02-08 18:28:33,190 - INFO - response: https://try.playwright.tech/service/control/run 200 113062
2025-02-08 18:28:40,267 - INFO - response: https://try.playwright.tech/service/control/run 200 113105
2025-02-08 18:28:47,385 - INFO - response: https://try.playwright.tech/service/control/run 200 113123
2025-02-08 18:28:54,525 - INFO - response: https://try.playwright.tech/service/control/run 200 113112
2025-02-08 18:29:01,699 - INFO - response: https://try.playwright.tech/service/control/run 200 115228
2025-02-08 18:29:04,792 - INFO - Batch processing completed successfully
2025-02-08 18:29:04,793 - INFO - Starting view refresh
2025-02-08 18:29:04,847 - INFO - Successfully refreshed all materialized views
2025-02-08 18:29:04,847 - INFO - Workflow completed successfully
